2017-08-08 22:04:46 DEBUG DecisionTree:95 - Best split found: Sex = male
2017-08-08 22:04:46 DEBUG DecisionTree:97 - Data is split into sublists of sizes: [577, 314]
2017-08-08 22:04:46 DEBUG DecisionTree:95 - Best split found: Parch more than 2
2017-08-08 22:04:46 DEBUG DecisionTree:97 - Data is split into sublists of sizes: [4, 573]
2017-08-08 22:04:46 DEBUG DecisionTree:83 - New leaf is created because data is homogeneous: false
2017-08-08 22:04:46 DEBUG DecisionTree:95 - Best split found: SibSp more than 2
2017-08-08 22:04:46 DEBUG DecisionTree:97 - Data is split into sublists of sizes: [25, 548]
2017-08-08 22:04:46 DEBUG DecisionTree:83 - New leaf is created because data is homogeneous: false
2017-08-08 22:04:46 DEBUG DecisionTree:95 - Best split found: Age less than 10
2017-08-08 22:04:46 DEBUG DecisionTree:97 - Data is split into sublists of sizes: [18, 530]
2017-08-08 22:04:46 DEBUG DecisionTree:83 - New leaf is created because data is homogeneous: true
2017-08-08 22:04:46 DEBUG DecisionTree:95 - Best split found: Cabin starts with F
2017-08-08 22:04:46 DEBUG DecisionTree:97 - Data is split into sublists of sizes: [5, 525]
2017-08-08 22:04:46 DEBUG DecisionTree:83 - New leaf is created because data is homogeneous: false
2017-08-08 22:04:46 DEBUG DecisionTree:95 - Best split found: Fare between 15.78 and 23.67
2017-08-08 22:04:46 DEBUG DecisionTree:97 - Data is split into sublists of sizes: [25, 500]
2017-08-08 22:04:46 DEBUG DecisionTree:83 - New leaf is created because data is homogeneous: false
2017-08-08 22:04:46 DEBUG DecisionTree:95 - Best split found: Embarked = Q
2017-08-08 22:04:46 DEBUG DecisionTree:97 - Data is split into sublists of sizes: [35, 465]
2017-08-08 22:04:46 DEBUG DecisionTree:83 - New leaf is created because data is homogeneous: false
2017-08-08 22:04:46 DEBUG DecisionTree:95 - Best split found: Pclass = 2
2017-08-08 22:04:46 DEBUG DecisionTree:97 - Data is split into sublists of sizes: [94, 371]
2017-08-08 22:04:46 DEBUG DecisionTree:83 - New leaf is created because data is homogeneous: false
2017-08-08 22:04:46 DEBUG DecisionTree:95 - Best split found: Age more than 60
2017-08-08 22:04:46 DEBUG DecisionTree:97 - Data is split into sublists of sizes: [13, 358]
2017-08-08 22:04:46 DEBUG DecisionTree:83 - New leaf is created because data is homogeneous: false
2017-08-08 22:04:47 DEBUG DecisionTree:95 - Best split found: Fare less than 7.89
2017-08-08 22:04:47 DEBUG DecisionTree:97 - Data is split into sublists of sizes: [105, 253]
2017-08-08 22:04:47 DEBUG DecisionTree:95 - Best split found: Cabin starts with A
2017-08-08 22:04:47 DEBUG DecisionTree:97 - Data is split into sublists of sizes: [1, 104]
2017-08-08 22:04:47 DEBUG DecisionTree:83 - New leaf is created because data is homogeneous: false
2017-08-08 22:04:47 DEBUG DecisionTree:95 - Best split found: Parch more than 0
2017-08-08 22:04:47 DEBUG DecisionTree:97 - Data is split into sublists of sizes: [3, 101]
2017-08-08 22:04:47 DEBUG DecisionTree:83 - New leaf is created because data is homogeneous: false
2017-08-08 22:04:47 DEBUG DecisionTree:95 - Best split found: Age between 50 and 60
2017-08-08 22:04:47 DEBUG DecisionTree:97 - Data is split into sublists of sizes: [3, 98]
2017-08-08 22:04:47 DEBUG DecisionTree:83 - New leaf is created because data is homogeneous: false
2017-08-08 22:04:47 DEBUG DecisionTree:95 - Best split found: Cabin starts with B
2017-08-08 22:04:47 DEBUG DecisionTree:97 - Data is split into sublists of sizes: [3, 95]
2017-08-08 22:04:47 DEBUG DecisionTree:83 - New leaf is created because data is homogeneous: false
2017-08-08 22:04:47 DEBUG DecisionTree:90 - New leaf is created because stopping criteria reached: false
2017-08-08 22:04:47 DEBUG DecisionTree:95 - Best split found: Fare between 7.89 and 15.78
2017-08-08 22:04:47 DEBUG DecisionTree:97 - Data is split into sublists of sizes: [143, 110]
2017-08-08 22:04:47 DEBUG DecisionTree:95 - Best split found: Cabin starts with E
2017-08-08 22:04:47 DEBUG DecisionTree:97 - Data is split into sublists of sizes: [1, 142]
2017-08-08 22:04:47 DEBUG DecisionTree:83 - New leaf is created because data is homogeneous: true
2017-08-08 22:04:47 DEBUG DecisionTree:95 - Best split found: Age between 50 and 60
2017-08-08 22:04:47 DEBUG DecisionTree:97 - Data is split into sublists of sizes: [2, 140]
2017-08-08 22:04:47 DEBUG DecisionTree:83 - New leaf is created because data is homogeneous: false
2017-08-08 22:04:47 DEBUG DecisionTree:95 - Best split found: Pclass = 1
2017-08-08 22:04:47 DEBUG DecisionTree:97 - Data is split into sublists of sizes: [0, 140]
2017-08-08 22:04:47 DEBUG DecisionTree:90 - New leaf is created because stopping criteria reached: false
2017-08-08 22:04:47 DEBUG DecisionTree:95 - Best split found: Age between 50 and 60
2017-08-08 22:04:47 DEBUG DecisionTree:97 - Data is split into sublists of sizes: [12, 98]
2017-08-08 22:04:47 DEBUG DecisionTree:95 - Best split found: SibSp more than 0
2017-08-08 22:04:47 DEBUG DecisionTree:97 - Data is split into sublists of sizes: [1, 11]
2017-08-08 22:04:47 DEBUG DecisionTree:83 - New leaf is created because data is homogeneous: false
2017-08-08 22:04:47 DEBUG DecisionTree:95 - Best split found: Cabin starts with B
2017-08-08 22:04:47 DEBUG DecisionTree:97 - Data is split into sublists of sizes: [1, 10]
2017-08-08 22:04:47 DEBUG DecisionTree:83 - New leaf is created because data is homogeneous: false
2017-08-08 22:04:47 DEBUG DecisionTree:90 - New leaf is created because stopping criteria reached: false
2017-08-08 22:04:47 DEBUG DecisionTree:95 - Best split found: Cabin starts with E
2017-08-08 22:04:47 DEBUG DecisionTree:97 - Data is split into sublists of sizes: [11, 87]
2017-08-08 22:04:47 DEBUG DecisionTree:95 - Best split found: Embarked = C
2017-08-08 22:04:47 DEBUG DecisionTree:97 - Data is split into sublists of sizes: [1, 10]
2017-08-08 22:04:47 DEBUG DecisionTree:83 - New leaf is created because data is homogeneous: true
2017-08-08 22:04:47 DEBUG DecisionTree:90 - New leaf is created because stopping criteria reached: true
2017-08-08 22:04:47 DEBUG DecisionTree:95 - Best split found: Cabin starts with B
2017-08-08 22:04:47 DEBUG DecisionTree:97 - Data is split into sublists of sizes: [13, 74]
2017-08-08 22:04:47 DEBUG DecisionTree:90 - New leaf is created because stopping criteria reached: true
2017-08-08 22:04:47 DEBUG DecisionTree:90 - New leaf is created because stopping criteria reached: false
2017-08-08 22:04:47 DEBUG DecisionTree:95 - Best split found: Cabin starts with A
2017-08-08 22:04:47 DEBUG DecisionTree:97 - Data is split into sublists of sizes: [1, 313]
2017-08-08 22:04:47 DEBUG DecisionTree:83 - New leaf is created because data is homogeneous: true
2017-08-08 22:04:47 DEBUG DecisionTree:95 - Best split found: Age more than 60
2017-08-08 22:04:47 DEBUG DecisionTree:97 - Data is split into sublists of sizes: [3, 310]
2017-08-08 22:04:47 DEBUG DecisionTree:83 - New leaf is created because data is homogeneous: true
2017-08-08 22:04:47 DEBUG DecisionTree:95 - Best split found: Cabin starts with F
2017-08-08 22:04:47 DEBUG DecisionTree:97 - Data is split into sublists of sizes: [5, 305]
2017-08-08 22:04:47 DEBUG DecisionTree:83 - New leaf is created because data is homogeneous: true
2017-08-08 22:04:47 DEBUG DecisionTree:95 - Best split found: Cabin starts with D
2017-08-08 22:04:47 DEBUG DecisionTree:97 - Data is split into sublists of sizes: [17, 288]
2017-08-08 22:04:47 DEBUG DecisionTree:83 - New leaf is created because data is homogeneous: true
2017-08-08 22:04:47 DEBUG DecisionTree:95 - Best split found: Cabin starts with B
2017-08-08 22:04:47 DEBUG DecisionTree:97 - Data is split into sublists of sizes: [26, 262]
2017-08-08 22:04:47 DEBUG DecisionTree:83 - New leaf is created because data is homogeneous: true
2017-08-08 22:04:47 DEBUG DecisionTree:95 - Best split found: Fare more than 71.01
2017-08-08 22:04:47 DEBUG DecisionTree:97 - Data is split into sublists of sizes: [35, 227]
2017-08-08 22:04:47 DEBUG DecisionTree:83 - New leaf is created because data is homogeneous: true
2017-08-08 22:04:47 DEBUG DecisionTree:95 - Best split found: Pclass = 1
2017-08-08 22:04:47 DEBUG DecisionTree:97 - Data is split into sublists of sizes: [15, 212]
2017-08-08 22:04:47 DEBUG DecisionTree:83 - New leaf is created because data is homogeneous: true
2017-08-08 22:04:47 DEBUG DecisionTree:95 - Best split found: Pclass = 2
2017-08-08 22:04:47 DEBUG DecisionTree:97 - Data is split into sublists of sizes: [70, 142]
2017-08-08 22:04:47 DEBUG DecisionTree:83 - New leaf is created because data is homogeneous: true
2017-08-08 22:04:47 DEBUG DecisionTree:95 - Best split found: Fare between 31.56 and 71.01
2017-08-08 22:04:47 DEBUG DecisionTree:97 - Data is split into sublists of sizes: [9, 133]
2017-08-08 22:04:47 DEBUG DecisionTree:83 - New leaf is created because data is homogeneous: false
2017-08-08 22:04:47 DEBUG DecisionTree:95 - Best split found: Cabin starts with E
2017-08-08 22:04:47 DEBUG DecisionTree:97 - Data is split into sublists of sizes: [1, 132]
2017-08-08 22:04:47 DEBUG DecisionTree:83 - New leaf is created because data is homogeneous: true
2017-08-08 22:04:47 DEBUG DecisionTree:95 - Best split found: Fare between 23.67 and 31.56
2017-08-08 22:04:47 DEBUG DecisionTree:97 - Data is split into sublists of sizes: [17, 115]
2017-08-08 22:04:47 DEBUG DecisionTree:95 - Best split found: Parch more than 0
2017-08-08 22:04:47 DEBUG DecisionTree:97 - Data is split into sublists of sizes: [16, 1]
2017-08-08 22:04:47 DEBUG DecisionTree:95 - Best split found: Age between 10 and 30
2017-08-08 22:04:47 DEBUG DecisionTree:97 - Data is split into sublists of sizes: [1, 15]
2017-08-08 22:04:47 DEBUG DecisionTree:83 - New leaf is created because data is homogeneous: false
2017-08-08 22:04:47 DEBUG DecisionTree:90 - New leaf is created because stopping criteria reached: false
2017-08-08 22:04:47 DEBUG DecisionTree:83 - New leaf is created because data is homogeneous: true
2017-08-08 22:04:47 DEBUG DecisionTree:95 - Best split found: Embarked = Q
2017-08-08 22:04:47 DEBUG DecisionTree:97 - Data is split into sublists of sizes: [31, 84]
2017-08-08 22:04:47 DEBUG DecisionTree:95 - Best split found: Parch more than 0
2017-08-08 22:04:47 DEBUG DecisionTree:97 - Data is split into sublists of sizes: [2, 29]
2017-08-08 22:04:47 DEBUG DecisionTree:83 - New leaf is created because data is homogeneous: false
2017-08-08 22:04:47 DEBUG DecisionTree:90 - New leaf is created because stopping criteria reached: true
2017-08-08 22:04:47 DEBUG DecisionTree:95 - Best split found: Age less than 10
2017-08-08 22:04:47 DEBUG DecisionTree:97 - Data is split into sublists of sizes: [14, 70]
2017-08-08 22:04:47 DEBUG DecisionTree:90 - New leaf is created because stopping criteria reached: true
2017-08-08 22:04:47 DEBUG DecisionTree:90 - New leaf is created because stopping criteria reached: false
2017-08-09 19:11:48 DEBUG DecisionTree:95 - Best split found: Sex = male
2017-08-09 19:11:48 DEBUG DecisionTree:97 - Data is split into sublists of sizes: [577, 314]
2017-08-09 19:11:48 DEBUG DecisionTree:95 - Best split found: Parch more than 2
2017-08-09 19:11:48 DEBUG DecisionTree:97 - Data is split into sublists of sizes: [4, 573]
2017-08-09 19:11:48 DEBUG DecisionTree:83 - New leaf is created because data is homogeneous: false
2017-08-09 19:11:48 DEBUG DecisionTree:95 - Best split found: SibSp more than 2
2017-08-09 19:11:48 DEBUG DecisionTree:97 - Data is split into sublists of sizes: [25, 548]
2017-08-09 19:11:48 DEBUG DecisionTree:83 - New leaf is created because data is homogeneous: false
2017-08-09 19:11:48 DEBUG DecisionTree:95 - Best split found: Age less than 10
2017-08-09 19:11:48 DEBUG DecisionTree:97 - Data is split into sublists of sizes: [18, 530]
2017-08-09 19:11:48 DEBUG DecisionTree:83 - New leaf is created because data is homogeneous: true
2017-08-09 19:11:48 DEBUG DecisionTree:95 - Best split found: Cabin starts with F
2017-08-09 19:11:48 DEBUG DecisionTree:97 - Data is split into sublists of sizes: [5, 525]
2017-08-09 19:11:48 DEBUG DecisionTree:83 - New leaf is created because data is homogeneous: false
2017-08-09 19:11:48 DEBUG DecisionTree:95 - Best split found: Fare between 15.78 and 23.67
2017-08-09 19:11:48 DEBUG DecisionTree:97 - Data is split into sublists of sizes: [25, 500]
2017-08-09 19:11:48 DEBUG DecisionTree:83 - New leaf is created because data is homogeneous: false
2017-08-09 19:11:48 DEBUG DecisionTree:95 - Best split found: Embarked = Q
2017-08-09 19:11:48 DEBUG DecisionTree:97 - Data is split into sublists of sizes: [35, 465]
2017-08-09 19:11:48 DEBUG DecisionTree:83 - New leaf is created because data is homogeneous: false
2017-08-09 19:11:48 DEBUG DecisionTree:95 - Best split found: Pclass = 2
2017-08-09 19:11:48 DEBUG DecisionTree:97 - Data is split into sublists of sizes: [94, 371]
2017-08-09 19:11:48 DEBUG DecisionTree:83 - New leaf is created because data is homogeneous: false
2017-08-09 19:11:48 DEBUG DecisionTree:95 - Best split found: Age more than 60
2017-08-09 19:11:48 DEBUG DecisionTree:97 - Data is split into sublists of sizes: [13, 358]
2017-08-09 19:11:48 DEBUG DecisionTree:83 - New leaf is created because data is homogeneous: false
2017-08-09 19:11:48 DEBUG DecisionTree:95 - Best split found: Fare less than 7.89
2017-08-09 19:11:48 DEBUG DecisionTree:97 - Data is split into sublists of sizes: [105, 253]
2017-08-09 19:11:48 DEBUG DecisionTree:95 - Best split found: Cabin starts with A
2017-08-09 19:11:48 DEBUG DecisionTree:97 - Data is split into sublists of sizes: [1, 104]
2017-08-09 19:11:48 DEBUG DecisionTree:83 - New leaf is created because data is homogeneous: false
2017-08-09 19:11:48 DEBUG DecisionTree:95 - Best split found: Parch more than 0
2017-08-09 19:11:48 DEBUG DecisionTree:97 - Data is split into sublists of sizes: [3, 101]
2017-08-09 19:11:48 DEBUG DecisionTree:83 - New leaf is created because data is homogeneous: false
2017-08-09 19:11:48 DEBUG DecisionTree:95 - Best split found: Age between 50 and 60
2017-08-09 19:11:48 DEBUG DecisionTree:97 - Data is split into sublists of sizes: [3, 98]
2017-08-09 19:11:48 DEBUG DecisionTree:83 - New leaf is created because data is homogeneous: false
2017-08-09 19:11:48 DEBUG DecisionTree:95 - Best split found: Cabin starts with B
2017-08-09 19:11:48 DEBUG DecisionTree:97 - Data is split into sublists of sizes: [3, 95]
2017-08-09 19:11:48 DEBUG DecisionTree:83 - New leaf is created because data is homogeneous: false
2017-08-09 19:11:48 DEBUG DecisionTree:90 - New leaf is created because stopping criteria reached: false
2017-08-09 19:11:48 DEBUG DecisionTree:95 - Best split found: Fare between 7.89 and 15.78
2017-08-09 19:11:48 DEBUG DecisionTree:97 - Data is split into sublists of sizes: [143, 110]
2017-08-09 19:11:48 DEBUG DecisionTree:95 - Best split found: Cabin starts with E
2017-08-09 19:11:48 DEBUG DecisionTree:97 - Data is split into sublists of sizes: [1, 142]
2017-08-09 19:11:48 DEBUG DecisionTree:83 - New leaf is created because data is homogeneous: true
2017-08-09 19:11:48 DEBUG DecisionTree:95 - Best split found: Age between 50 and 60
2017-08-09 19:11:48 DEBUG DecisionTree:97 - Data is split into sublists of sizes: [2, 140]
2017-08-09 19:11:48 DEBUG DecisionTree:83 - New leaf is created because data is homogeneous: false
2017-08-09 19:11:48 DEBUG DecisionTree:95 - Best split found: Pclass = 1
2017-08-09 19:11:48 DEBUG DecisionTree:97 - Data is split into sublists of sizes: [0, 140]
2017-08-09 19:11:48 DEBUG DecisionTree:90 - New leaf is created because stopping criteria reached: false
2017-08-09 19:11:48 DEBUG DecisionTree:95 - Best split found: Age between 50 and 60
2017-08-09 19:11:48 DEBUG DecisionTree:97 - Data is split into sublists of sizes: [12, 98]
2017-08-09 19:11:48 DEBUG DecisionTree:95 - Best split found: SibSp more than 0
2017-08-09 19:11:48 DEBUG DecisionTree:97 - Data is split into sublists of sizes: [1, 11]
2017-08-09 19:11:48 DEBUG DecisionTree:83 - New leaf is created because data is homogeneous: false
2017-08-09 19:11:48 DEBUG DecisionTree:95 - Best split found: Cabin starts with B
2017-08-09 19:11:48 DEBUG DecisionTree:97 - Data is split into sublists of sizes: [1, 10]
2017-08-09 19:11:48 DEBUG DecisionTree:83 - New leaf is created because data is homogeneous: false
2017-08-09 19:11:48 DEBUG DecisionTree:90 - New leaf is created because stopping criteria reached: false
2017-08-09 19:11:48 DEBUG DecisionTree:95 - Best split found: Cabin starts with E
2017-08-09 19:11:48 DEBUG DecisionTree:97 - Data is split into sublists of sizes: [11, 87]
2017-08-09 19:11:48 DEBUG DecisionTree:95 - Best split found: Embarked = C
2017-08-09 19:11:48 DEBUG DecisionTree:97 - Data is split into sublists of sizes: [1, 10]
2017-08-09 19:11:48 DEBUG DecisionTree:83 - New leaf is created because data is homogeneous: true
2017-08-09 19:11:48 DEBUG DecisionTree:90 - New leaf is created because stopping criteria reached: true
2017-08-09 19:11:48 DEBUG DecisionTree:95 - Best split found: Cabin starts with B
2017-08-09 19:11:48 DEBUG DecisionTree:97 - Data is split into sublists of sizes: [13, 74]
2017-08-09 19:11:48 DEBUG DecisionTree:90 - New leaf is created because stopping criteria reached: true
2017-08-09 19:11:48 DEBUG DecisionTree:90 - New leaf is created because stopping criteria reached: false
2017-08-09 19:11:48 DEBUG DecisionTree:95 - Best split found: Cabin starts with A
2017-08-09 19:11:48 DEBUG DecisionTree:97 - Data is split into sublists of sizes: [1, 313]
2017-08-09 19:11:48 DEBUG DecisionTree:83 - New leaf is created because data is homogeneous: true
2017-08-09 19:11:48 DEBUG DecisionTree:95 - Best split found: Age more than 60
2017-08-09 19:11:48 DEBUG DecisionTree:97 - Data is split into sublists of sizes: [3, 310]
2017-08-09 19:11:48 DEBUG DecisionTree:83 - New leaf is created because data is homogeneous: true
2017-08-09 19:11:48 DEBUG DecisionTree:95 - Best split found: Cabin starts with F
2017-08-09 19:11:48 DEBUG DecisionTree:97 - Data is split into sublists of sizes: [5, 305]
2017-08-09 19:11:48 DEBUG DecisionTree:83 - New leaf is created because data is homogeneous: true
2017-08-09 19:11:48 DEBUG DecisionTree:95 - Best split found: Cabin starts with D
2017-08-09 19:11:48 DEBUG DecisionTree:97 - Data is split into sublists of sizes: [17, 288]
2017-08-09 19:11:48 DEBUG DecisionTree:83 - New leaf is created because data is homogeneous: true
2017-08-09 19:11:48 DEBUG DecisionTree:95 - Best split found: Cabin starts with B
2017-08-09 19:11:48 DEBUG DecisionTree:97 - Data is split into sublists of sizes: [26, 262]
2017-08-09 19:11:48 DEBUG DecisionTree:83 - New leaf is created because data is homogeneous: true
2017-08-09 19:11:48 DEBUG DecisionTree:95 - Best split found: Fare more than 71.01
2017-08-09 19:11:48 DEBUG DecisionTree:97 - Data is split into sublists of sizes: [35, 227]
2017-08-09 19:11:48 DEBUG DecisionTree:83 - New leaf is created because data is homogeneous: true
2017-08-09 19:11:48 DEBUG DecisionTree:95 - Best split found: Pclass = 1
2017-08-09 19:11:48 DEBUG DecisionTree:97 - Data is split into sublists of sizes: [15, 212]
2017-08-09 19:11:48 DEBUG DecisionTree:83 - New leaf is created because data is homogeneous: true
2017-08-09 19:11:48 DEBUG DecisionTree:95 - Best split found: Pclass = 2
2017-08-09 19:11:48 DEBUG DecisionTree:97 - Data is split into sublists of sizes: [70, 142]
2017-08-09 19:11:48 DEBUG DecisionTree:83 - New leaf is created because data is homogeneous: true
2017-08-09 19:11:48 DEBUG DecisionTree:95 - Best split found: Fare between 31.56 and 71.01
2017-08-09 19:11:48 DEBUG DecisionTree:97 - Data is split into sublists of sizes: [9, 133]
2017-08-09 19:11:48 DEBUG DecisionTree:83 - New leaf is created because data is homogeneous: false
2017-08-09 19:11:48 DEBUG DecisionTree:95 - Best split found: Cabin starts with E
2017-08-09 19:11:48 DEBUG DecisionTree:97 - Data is split into sublists of sizes: [1, 132]
2017-08-09 19:11:48 DEBUG DecisionTree:83 - New leaf is created because data is homogeneous: true
2017-08-09 19:11:48 DEBUG DecisionTree:95 - Best split found: Fare between 23.67 and 31.56
2017-08-09 19:11:48 DEBUG DecisionTree:97 - Data is split into sublists of sizes: [17, 115]
2017-08-09 19:11:48 DEBUG DecisionTree:95 - Best split found: Parch more than 0
2017-08-09 19:11:48 DEBUG DecisionTree:97 - Data is split into sublists of sizes: [16, 1]
2017-08-09 19:11:48 DEBUG DecisionTree:95 - Best split found: Age between 10 and 30
2017-08-09 19:11:48 DEBUG DecisionTree:97 - Data is split into sublists of sizes: [1, 15]
2017-08-09 19:11:48 DEBUG DecisionTree:83 - New leaf is created because data is homogeneous: false
2017-08-09 19:11:48 DEBUG DecisionTree:90 - New leaf is created because stopping criteria reached: false
2017-08-09 19:11:48 DEBUG DecisionTree:83 - New leaf is created because data is homogeneous: true
2017-08-09 19:11:48 DEBUG DecisionTree:95 - Best split found: Embarked = Q
2017-08-09 19:11:48 DEBUG DecisionTree:97 - Data is split into sublists of sizes: [31, 84]
2017-08-09 19:11:48 DEBUG DecisionTree:95 - Best split found: Parch more than 0
2017-08-09 19:11:48 DEBUG DecisionTree:97 - Data is split into sublists of sizes: [2, 29]
2017-08-09 19:11:48 DEBUG DecisionTree:83 - New leaf is created because data is homogeneous: false
2017-08-09 19:11:48 DEBUG DecisionTree:90 - New leaf is created because stopping criteria reached: true
2017-08-09 19:11:48 DEBUG DecisionTree:95 - Best split found: Age less than 10
2017-08-09 19:11:48 DEBUG DecisionTree:97 - Data is split into sublists of sizes: [14, 70]
2017-08-09 19:11:48 DEBUG DecisionTree:90 - New leaf is created because stopping criteria reached: true
2017-08-09 19:11:48 DEBUG DecisionTree:90 - New leaf is created because stopping criteria reached: false
